<?xml version="1.0" encoding="UTF-8"?>
<!-- Generated by org.testng.reporters.JUnitReportReporter -->
<testsuite hostname="SISJDRLPT056" failures="0" tests="1" name="com.sigma.grandioseEcommerceWebApp.AddToCartTest" time="84.041" errors="0" timestamp="2025-06-03T16:32:42 GST" skipped="0">
  <testcase classname="com.sigma.grandioseEcommerceWebApp.AddToCartTest" name="checkoutUsingProductHomepage" time="84.041"/>
</testsuite> <!-- com.sigma.grandioseEcommerceWebApp.AddToCartTest -->
