<?xml version="1.0" encoding="UTF-8"?>
<!-- Generated by org.testng.reporters.JUnitReportReporter -->
<testsuite hostname="SISJDRLPT056" failures="0" tests="1" name="com.sigma.grandiose1.GrandioseE_commerceLogin" time="210.738" errors="0" timestamp="2025-05-13T08:20:30 GST" skipped="0">
  <testcase classname="com.sigma.grandiose1.GrandioseE_commerceLogin" name="addProductToCart" time="210.738"/>
</testsuite> <!-- com.sigma.grandiose1.GrandioseE_commerceLogin -->
