<?xml version="1.0" encoding="UTF-8"?>
<!-- Generated by org.testng.reporters.JUnitReportReporter -->
<testsuite hostname="SISJDRLPT056" failures="0" tests="1" name="com.sigma.grandiose1.Demo" time="5.291" errors="0" timestamp="2025-05-06T12:41:06 GST" skipped="0">
  <testcase classname="com.sigma.grandiose1.Demo" name="fetchDataTest" time="5.291"/>
</testsuite> <!-- com.sigma.grandiose1.Demo -->
